2016-06-27 22:55:11,886 [ERROR] [ 8] SendImageModel - System.ArgumentNullException: Path cannot be null.
Parameter name: path
   at System.IO.FileStream.Init(String path, FileMode mode, FileAccess access, Int32 rights, Boolean useRights, FileShare share, Int32 bufferSize, FileOptions options, SECURITY_ATTRIBUTES secAttrs, String msgPath, Boolean bFromProxy, Boolean useLongPath, Boolean checkHost)
   at System.IO.FileStream..ctor(String path, FileMode mode, FileAccess access)
   at ImageClient.Http.WebAPIClient.<PostAsync>d__0.MoveNext() in D:\projects\ImageStore\ImageStoreClient\Http\WebAPIClient.cs:line 62
--- End of stack trace from previous location where exception was thrown ---
   at System.Runtime.CompilerServices.TaskAwaiter.ThrowForNonSuccess(Task task)
   at System.Runtime.CompilerServices.TaskAwaiter.HandleNonSuccessAndDebuggerNotification(Task task)
   at System.Runtime.CompilerServices.TaskAwaiter`1.GetResult()
   at ImageClient.Infrastructure.ApiConsumer.<SendImageAsync>d__1.MoveNext() in D:\projects\ImageStore\ImageStoreClient\Infrastructure\ApiConsumer.cs:line 40
--- End of stack trace from previous location where exception was thrown ---
   at System.Runtime.CompilerServices.TaskAwaiter.ThrowForNonSuccess(Task task)
   at System.Runtime.CompilerServices.TaskAwaiter.HandleNonSuccessAndDebuggerNotification(Task task)
   at System.Runtime.CompilerServices.TaskAwaiter`1.GetResult()
   at ImageClient.ViewModels.SendImageModel.<SendImage>d__35.MoveNext() in D:\projects\ImageStore\ImageStoreClient\ViewModels\SendImageModel.cs:line 91
2016-06-27 22:55:14,635 [ERROR] [ 8] SendImageModel - System.ArgumentNullException: Path cannot be null.
Parameter name: path
   at System.IO.FileStream.Init(String path, FileMode mode, FileAccess access, Int32 rights, Boolean useRights, FileShare share, Int32 bufferSize, FileOptions options, SECURITY_ATTRIBUTES secAttrs, String msgPath, Boolean bFromProxy, Boolean useLongPath, Boolean checkHost)
   at System.IO.FileStream..ctor(String path, FileMode mode, FileAccess access)
   at ImageClient.Http.WebAPIClient.<PostAsync>d__0.MoveNext() in D:\projects\ImageStore\ImageStoreClient\Http\WebAPIClient.cs:line 62
--- End of stack trace from previous location where exception was thrown ---
   at System.Runtime.CompilerServices.TaskAwaiter.ThrowForNonSuccess(Task task)
   at System.Runtime.CompilerServices.TaskAwaiter.HandleNonSuccessAndDebuggerNotification(Task task)
   at System.Runtime.CompilerServices.TaskAwaiter`1.GetResult()
   at ImageClient.Infrastructure.ApiConsumer.<SendImageAsync>d__1.MoveNext() in D:\projects\ImageStore\ImageStoreClient\Infrastructure\ApiConsumer.cs:line 40
--- End of stack trace from previous location where exception was thrown ---
   at System.Runtime.CompilerServices.TaskAwaiter.ThrowForNonSuccess(Task task)
   at System.Runtime.CompilerServices.TaskAwaiter.HandleNonSuccessAndDebuggerNotification(Task task)
   at System.Runtime.CompilerServices.TaskAwaiter`1.GetResult()
   at ImageClient.ViewModels.SendImageModel.<SendImage>d__35.MoveNext() in D:\projects\ImageStore\ImageStoreClient\ViewModels\SendImageModel.cs:line 91
2016-06-27 22:55:20,847 [ERROR] [ 8] SendImageModel - System.ArgumentNullException: Path cannot be null.
Parameter name: path
   at System.IO.FileStream.Init(String path, FileMode mode, FileAccess access, Int32 rights, Boolean useRights, FileShare share, Int32 bufferSize, FileOptions options, SECURITY_ATTRIBUTES secAttrs, String msgPath, Boolean bFromProxy, Boolean useLongPath, Boolean checkHost)
   at System.IO.FileStream..ctor(String path, FileMode mode, FileAccess access)
   at ImageClient.Http.WebAPIClient.<PostAsync>d__0.MoveNext() in D:\projects\ImageStore\ImageStoreClient\Http\WebAPIClient.cs:line 62
--- End of stack trace from previous location where exception was thrown ---
   at System.Runtime.CompilerServices.TaskAwaiter.ThrowForNonSuccess(Task task)
   at System.Runtime.CompilerServices.TaskAwaiter.HandleNonSuccessAndDebuggerNotification(Task task)
   at System.Runtime.CompilerServices.TaskAwaiter`1.GetResult()
   at ImageClient.Infrastructure.ApiConsumer.<SendImageAsync>d__1.MoveNext() in D:\projects\ImageStore\ImageStoreClient\Infrastructure\ApiConsumer.cs:line 40
--- End of stack trace from previous location where exception was thrown ---
   at System.Runtime.CompilerServices.TaskAwaiter.ThrowForNonSuccess(Task task)
   at System.Runtime.CompilerServices.TaskAwaiter.HandleNonSuccessAndDebuggerNotification(Task task)
   at System.Runtime.CompilerServices.TaskAwaiter`1.GetResult()
   at ImageClient.ViewModels.SendImageModel.<SendImage>d__35.MoveNext() in D:\projects\ImageStore\ImageStoreClient\ViewModels\SendImageModel.cs:line 91
2016-06-27 22:55:22,361 [ERROR] [ 8] SendImageModel - System.ArgumentNullException: Path cannot be null.
Parameter name: path
   at System.IO.FileStream.Init(String path, FileMode mode, FileAccess access, Int32 rights, Boolean useRights, FileShare share, Int32 bufferSize, FileOptions options, SECURITY_ATTRIBUTES secAttrs, String msgPath, Boolean bFromProxy, Boolean useLongPath, Boolean checkHost)
   at System.IO.FileStream..ctor(String path, FileMode mode, FileAccess access)
   at ImageClient.Http.WebAPIClient.<PostAsync>d__0.MoveNext() in D:\projects\ImageStore\ImageStoreClient\Http\WebAPIClient.cs:line 62
--- End of stack trace from previous location where exception was thrown ---
   at System.Runtime.CompilerServices.TaskAwaiter.ThrowForNonSuccess(Task task)
   at System.Runtime.CompilerServices.TaskAwaiter.HandleNonSuccessAndDebuggerNotification(Task task)
   at System.Runtime.CompilerServices.TaskAwaiter`1.GetResult()
   at ImageClient.Infrastructure.ApiConsumer.<SendImageAsync>d__1.MoveNext() in D:\projects\ImageStore\ImageStoreClient\Infrastructure\ApiConsumer.cs:line 40
--- End of stack trace from previous location where exception was thrown ---
   at System.Runtime.CompilerServices.TaskAwaiter.ThrowForNonSuccess(Task task)
   at System.Runtime.CompilerServices.TaskAwaiter.HandleNonSuccessAndDebuggerNotification(Task task)
   at System.Runtime.CompilerServices.TaskAwaiter`1.GetResult()
   at ImageClient.ViewModels.SendImageModel.<SendImage>d__35.MoveNext() in D:\projects\ImageStore\ImageStoreClient\ViewModels\SendImageModel.cs:line 91
2016-06-27 22:55:22,605 [ERROR] [ 8] SendImageModel - System.ArgumentNullException: Path cannot be null.
Parameter name: path
   at System.IO.FileStream.Init(String path, FileMode mode, FileAccess access, Int32 rights, Boolean useRights, FileShare share, Int32 bufferSize, FileOptions options, SECURITY_ATTRIBUTES secAttrs, String msgPath, Boolean bFromProxy, Boolean useLongPath, Boolean checkHost)
   at System.IO.FileStream..ctor(String path, FileMode mode, FileAccess access)
   at ImageClient.Http.WebAPIClient.<PostAsync>d__0.MoveNext() in D:\projects\ImageStore\ImageStoreClient\Http\WebAPIClient.cs:line 62
--- End of stack trace from previous location where exception was thrown ---
   at System.Runtime.CompilerServices.TaskAwaiter.ThrowForNonSuccess(Task task)
   at System.Runtime.CompilerServices.TaskAwaiter.HandleNonSuccessAndDebuggerNotification(Task task)
   at System.Runtime.CompilerServices.TaskAwaiter`1.GetResult()
   at ImageClient.Infrastructure.ApiConsumer.<SendImageAsync>d__1.MoveNext() in D:\projects\ImageStore\ImageStoreClient\Infrastructure\ApiConsumer.cs:line 40
--- End of stack trace from previous location where exception was thrown ---
   at System.Runtime.CompilerServices.TaskAwaiter.ThrowForNonSuccess(Task task)
   at System.Runtime.CompilerServices.TaskAwaiter.HandleNonSuccessAndDebuggerNotification(Task task)
   at System.Runtime.CompilerServices.TaskAwaiter`1.GetResult()
   at ImageClient.ViewModels.SendImageModel.<SendImage>d__35.MoveNext() in D:\projects\ImageStore\ImageStoreClient\ViewModels\SendImageModel.cs:line 91
2016-06-27 22:55:22,724 [ERROR] [ 8] SendImageModel - System.ArgumentNullException: Path cannot be null.
Parameter name: path
   at System.IO.FileStream.Init(String path, FileMode mode, FileAccess access, Int32 rights, Boolean useRights, FileShare share, Int32 bufferSize, FileOptions options, SECURITY_ATTRIBUTES secAttrs, String msgPath, Boolean bFromProxy, Boolean useLongPath, Boolean checkHost)
   at System.IO.FileStream..ctor(String path, FileMode mode, FileAccess access)
   at ImageClient.Http.WebAPIClient.<PostAsync>d__0.MoveNext() in D:\projects\ImageStore\ImageStoreClient\Http\WebAPIClient.cs:line 62
--- End of stack trace from previous location where exception was thrown ---
   at System.Runtime.CompilerServices.TaskAwaiter.ThrowForNonSuccess(Task task)
   at System.Runtime.CompilerServices.TaskAwaiter.HandleNonSuccessAndDebuggerNotification(Task task)
   at System.Runtime.CompilerServices.TaskAwaiter`1.GetResult()
   at ImageClient.Infrastructure.ApiConsumer.<SendImageAsync>d__1.MoveNext() in D:\projects\ImageStore\ImageStoreClient\Infrastructure\ApiConsumer.cs:line 40
--- End of stack trace from previous location where exception was thrown ---
   at System.Runtime.CompilerServices.TaskAwaiter.ThrowForNonSuccess(Task task)
   at System.Runtime.CompilerServices.TaskAwaiter.HandleNonSuccessAndDebuggerNotification(Task task)
   at System.Runtime.CompilerServices.TaskAwaiter`1.GetResult()
   at ImageClient.ViewModels.SendImageModel.<SendImage>d__35.MoveNext() in D:\projects\ImageStore\ImageStoreClient\ViewModels\SendImageModel.cs:line 91
2016-06-27 22:55:22,821 [ERROR] [ 8] SendImageModel - System.ArgumentNullException: Path cannot be null.
Parameter name: path
   at System.IO.FileStream.Init(String path, FileMode mode, FileAccess access, Int32 rights, Boolean useRights, FileShare share, Int32 bufferSize, FileOptions options, SECURITY_ATTRIBUTES secAttrs, String msgPath, Boolean bFromProxy, Boolean useLongPath, Boolean checkHost)
   at System.IO.FileStream..ctor(String path, FileMode mode, FileAccess access)
   at ImageClient.Http.WebAPIClient.<PostAsync>d__0.MoveNext() in D:\projects\ImageStore\ImageStoreClient\Http\WebAPIClient.cs:line 62
--- End of stack trace from previous location where exception was thrown ---
   at System.Runtime.CompilerServices.TaskAwaiter.ThrowForNonSuccess(Task task)
   at System.Runtime.CompilerServices.TaskAwaiter.HandleNonSuccessAndDebuggerNotification(Task task)
   at System.Runtime.CompilerServices.TaskAwaiter`1.GetResult()
   at ImageClient.Infrastructure.ApiConsumer.<SendImageAsync>d__1.MoveNext() in D:\projects\ImageStore\ImageStoreClient\Infrastructure\ApiConsumer.cs:line 40
--- End of stack trace from previous location where exception was thrown ---
   at System.Runtime.CompilerServices.TaskAwaiter.ThrowForNonSuccess(Task task)
   at System.Runtime.CompilerServices.TaskAwaiter.HandleNonSuccessAndDebuggerNotification(Task task)
   at System.Runtime.CompilerServices.TaskAwaiter`1.GetResult()
   at ImageClient.ViewModels.SendImageModel.<SendImage>d__35.MoveNext() in D:\projects\ImageStore\ImageStoreClient\ViewModels\SendImageModel.cs:line 91
2016-06-27 22:55:23,015 [ERROR] [ 8] SendImageModel - System.ArgumentNullException: Path cannot be null.
Parameter name: path
   at System.IO.FileStream.Init(String path, FileMode mode, FileAccess access, Int32 rights, Boolean useRights, FileShare share, Int32 bufferSize, FileOptions options, SECURITY_ATTRIBUTES secAttrs, String msgPath, Boolean bFromProxy, Boolean useLongPath, Boolean checkHost)
   at System.IO.FileStream..ctor(String path, FileMode mode, FileAccess access)
   at ImageClient.Http.WebAPIClient.<PostAsync>d__0.MoveNext() in D:\projects\ImageStore\ImageStoreClient\Http\WebAPIClient.cs:line 62
--- End of stack trace from previous location where exception was thrown ---
   at System.Runtime.CompilerServices.TaskAwaiter.ThrowForNonSuccess(Task task)
   at System.Runtime.CompilerServices.TaskAwaiter.HandleNonSuccessAndDebuggerNotification(Task task)
   at System.Runtime.CompilerServices.TaskAwaiter`1.GetResult()
   at ImageClient.Infrastructure.ApiConsumer.<SendImageAsync>d__1.MoveNext() in D:\projects\ImageStore\ImageStoreClient\Infrastructure\ApiConsumer.cs:line 40
--- End of stack trace from previous location where exception was thrown ---
   at System.Runtime.CompilerServices.TaskAwaiter.ThrowForNonSuccess(Task task)
   at System.Runtime.CompilerServices.TaskAwaiter.HandleNonSuccessAndDebuggerNotification(Task task)
   at System.Runtime.CompilerServices.TaskAwaiter`1.GetResult()
   at ImageClient.ViewModels.SendImageModel.<SendImage>d__35.MoveNext() in D:\projects\ImageStore\ImageStoreClient\ViewModels\SendImageModel.cs:line 91
2016-06-27 22:55:23,211 [ERROR] [ 8] SendImageModel - System.ArgumentNullException: Path cannot be null.
Parameter name: path
   at System.IO.FileStream.Init(String path, FileMode mode, FileAccess access, Int32 rights, Boolean useRights, FileShare share, Int32 bufferSize, FileOptions options, SECURITY_ATTRIBUTES secAttrs, String msgPath, Boolean bFromProxy, Boolean useLongPath, Boolean checkHost)
   at System.IO.FileStream..ctor(String path, FileMode mode, FileAccess access)
   at ImageClient.Http.WebAPIClient.<PostAsync>d__0.MoveNext() in D:\projects\ImageStore\ImageStoreClient\Http\WebAPIClient.cs:line 62
--- End of stack trace from previous location where exception was thrown ---
   at System.Runtime.CompilerServices.TaskAwaiter.ThrowForNonSuccess(Task task)
   at System.Runtime.CompilerServices.TaskAwaiter.HandleNonSuccessAndDebuggerNotification(Task task)
   at System.Runtime.CompilerServices.TaskAwaiter`1.GetResult()
   at ImageClient.Infrastructure.ApiConsumer.<SendImageAsync>d__1.MoveNext() in D:\projects\ImageStore\ImageStoreClient\Infrastructure\ApiConsumer.cs:line 40
--- End of stack trace from previous location where exception was thrown ---
   at System.Runtime.CompilerServices.TaskAwaiter.ThrowForNonSuccess(Task task)
   at System.Runtime.CompilerServices.TaskAwaiter.HandleNonSuccessAndDebuggerNotification(Task task)
   at System.Runtime.CompilerServices.TaskAwaiter`1.GetResult()
   at ImageClient.ViewModels.SendImageModel.<SendImage>d__35.MoveNext() in D:\projects\ImageStore\ImageStoreClient\ViewModels\SendImageModel.cs:line 91
2016-06-27 22:55:23,466 [ERROR] [ 8] SendImageModel - System.ArgumentNullException: Path cannot be null.
Parameter name: path
   at System.IO.FileStream.Init(String path, FileMode mode, FileAccess access, Int32 rights, Boolean useRights, FileShare share, Int32 bufferSize, FileOptions options, SECURITY_ATTRIBUTES secAttrs, String msgPath, Boolean bFromProxy, Boolean useLongPath, Boolean checkHost)
   at System.IO.FileStream..ctor(String path, FileMode mode, FileAccess access)
   at ImageClient.Http.WebAPIClient.<PostAsync>d__0.MoveNext() in D:\projects\ImageStore\ImageStoreClient\Http\WebAPIClient.cs:line 62
--- End of stack trace from previous location where exception was thrown ---
   at System.Runtime.CompilerServices.TaskAwaiter.ThrowForNonSuccess(Task task)
   at System.Runtime.CompilerServices.TaskAwaiter.HandleNonSuccessAndDebuggerNotification(Task task)
   at System.Runtime.CompilerServices.TaskAwaiter`1.GetResult()
   at ImageClient.Infrastructure.ApiConsumer.<SendImageAsync>d__1.MoveNext() in D:\projects\ImageStore\ImageStoreClient\Infrastructure\ApiConsumer.cs:line 40
--- End of stack trace from previous location where exception was thrown ---
   at System.Runtime.CompilerServices.TaskAwaiter.ThrowForNonSuccess(Task task)
   at System.Runtime.CompilerServices.TaskAwaiter.HandleNonSuccessAndDebuggerNotification(Task task)
   at System.Runtime.CompilerServices.TaskAwaiter`1.GetResult()
   at ImageClient.ViewModels.SendImageModel.<SendImage>d__35.MoveNext() in D:\projects\ImageStore\ImageStoreClient\ViewModels\SendImageModel.cs:line 91
2016-06-27 22:55:23,698 [ERROR] [ 8] SendImageModel - System.ArgumentNullException: Path cannot be null.
Parameter name: path
   at System.IO.FileStream.Init(String path, FileMode mode, FileAccess access, Int32 rights, Boolean useRights, FileShare share, Int32 bufferSize, FileOptions options, SECURITY_ATTRIBUTES secAttrs, String msgPath, Boolean bFromProxy, Boolean useLongPath, Boolean checkHost)
   at System.IO.FileStream..ctor(String path, FileMode mode, FileAccess access)
   at ImageClient.Http.WebAPIClient.<PostAsync>d__0.MoveNext() in D:\projects\ImageStore\ImageStoreClient\Http\WebAPIClient.cs:line 62
--- End of stack trace from previous location where exception was thrown ---
   at System.Runtime.CompilerServices.TaskAwaiter.ThrowForNonSuccess(Task task)
   at System.Runtime.CompilerServices.TaskAwaiter.HandleNonSuccessAndDebuggerNotification(Task task)
   at System.Runtime.CompilerServices.TaskAwaiter`1.GetResult()
   at ImageClient.Infrastructure.ApiConsumer.<SendImageAsync>d__1.MoveNext() in D:\projects\ImageStore\ImageStoreClient\Infrastructure\ApiConsumer.cs:line 40
--- End of stack trace from previous location where exception was thrown ---
   at System.Runtime.CompilerServices.TaskAwaiter.ThrowForNonSuccess(Task task)
   at System.Runtime.CompilerServices.TaskAwaiter.HandleNonSuccessAndDebuggerNotification(Task task)
   at System.Runtime.CompilerServices.TaskAwaiter`1.GetResult()
   at ImageClient.ViewModels.SendImageModel.<SendImage>d__35.MoveNext() in D:\projects\ImageStore\ImageStoreClient\ViewModels\SendImageModel.cs:line 91
