2016-06-27 11:15:06,761 [ERROR] [ 9] LoginViewModel - System.Net.WebException: The remote server returned an error: (400) Bad Request.
   at System.Net.HttpWebRequest.EndGetResponse(IAsyncResult asyncResult)
   at System.Threading.Tasks.TaskFactory`1.FromAsyncCoreLogic(IAsyncResult iar, Func`2 endFunction, Action`1 endAction, Task`1 promise, Boolean requiresSynchronization)
--- End of stack trace from previous location where exception was thrown ---
   at System.Runtime.CompilerServices.TaskAwaiter.ThrowForNonSuccess(Task task)
   at System.Runtime.CompilerServices.TaskAwaiter.HandleNonSuccessAndDebuggerNotification(Task task)
   at System.Runtime.CompilerServices.TaskAwaiter`1.GetResult()
   at ImageClient.Http.SimpleWebClient.<Post>d__0.MoveNext() in D:\projects\ImageStore\ImageStoreClient\Http\SimpleWebClient.cs:line 87
--- End of stack trace from previous location where exception was thrown ---
   at System.Runtime.CompilerServices.TaskAwaiter.ThrowForNonSuccess(Task task)
   at System.Runtime.CompilerServices.TaskAwaiter.HandleNonSuccessAndDebuggerNotification(Task task)
   at System.Runtime.CompilerServices.TaskAwaiter`1.GetResult()
   at ImageClient.Infrastructure.ApiConsumer.<Login>d__0.MoveNext() in D:\projects\ImageStore\ImageStoreClient\Infrastructure\ApiConsumer.cs:line 25
--- End of stack trace from previous location where exception was thrown ---
   at System.Runtime.CompilerServices.TaskAwaiter.ThrowForNonSuccess(Task task)
   at System.Runtime.CompilerServices.TaskAwaiter.HandleNonSuccessAndDebuggerNotification(Task task)
   at System.Runtime.CompilerServices.TaskAwaiter`1.GetResult()
   at ImageClient.ViewModels.LoginViewModel.<Login>d__26.MoveNext() in D:\projects\ImageStore\ImageStoreClient\ViewModels\LoginViewModel.cs:line 64
2016-06-27 11:15:15,353 [ERROR] [ 9] LoginViewModel - System.Net.WebException: The remote server returned an error: (400) Bad Request.
   at System.Net.HttpWebRequest.EndGetResponse(IAsyncResult asyncResult)
   at System.Threading.Tasks.TaskFactory`1.FromAsyncCoreLogic(IAsyncResult iar, Func`2 endFunction, Action`1 endAction, Task`1 promise, Boolean requiresSynchronization)
--- End of stack trace from previous location where exception was thrown ---
   at System.Runtime.CompilerServices.TaskAwaiter.ThrowForNonSuccess(Task task)
   at System.Runtime.CompilerServices.TaskAwaiter.HandleNonSuccessAndDebuggerNotification(Task task)
   at System.Runtime.CompilerServices.TaskAwaiter`1.GetResult()
   at ImageClient.Http.SimpleWebClient.<Post>d__0.MoveNext() in D:\projects\ImageStore\ImageStoreClient\Http\SimpleWebClient.cs:line 87
--- End of stack trace from previous location where exception was thrown ---
   at System.Runtime.CompilerServices.TaskAwaiter.ThrowForNonSuccess(Task task)
   at System.Runtime.CompilerServices.TaskAwaiter.HandleNonSuccessAndDebuggerNotification(Task task)
   at System.Runtime.CompilerServices.TaskAwaiter`1.GetResult()
   at ImageClient.Infrastructure.ApiConsumer.<Login>d__0.MoveNext() in D:\projects\ImageStore\ImageStoreClient\Infrastructure\ApiConsumer.cs:line 25
--- End of stack trace from previous location where exception was thrown ---
   at System.Runtime.CompilerServices.TaskAwaiter.ThrowForNonSuccess(Task task)
   at System.Runtime.CompilerServices.TaskAwaiter.HandleNonSuccessAndDebuggerNotification(Task task)
   at System.Runtime.CompilerServices.TaskAwaiter`1.GetResult()
   at ImageClient.ViewModels.LoginViewModel.<Login>d__26.MoveNext() in D:\projects\ImageStore\ImageStoreClient\ViewModels\LoginViewModel.cs:line 64
2016-06-27 11:15:27,556 [ERROR] [ 9] LoginViewModel - System.Net.WebException: The remote server returned an error: (400) Bad Request.
   at System.Net.HttpWebRequest.EndGetResponse(IAsyncResult asyncResult)
   at System.Threading.Tasks.TaskFactory`1.FromAsyncCoreLogic(IAsyncResult iar, Func`2 endFunction, Action`1 endAction, Task`1 promise, Boolean requiresSynchronization)
--- End of stack trace from previous location where exception was thrown ---
   at System.Runtime.CompilerServices.TaskAwaiter.ThrowForNonSuccess(Task task)
   at System.Runtime.CompilerServices.TaskAwaiter.HandleNonSuccessAndDebuggerNotification(Task task)
   at System.Runtime.CompilerServices.TaskAwaiter`1.GetResult()
   at ImageClient.Http.SimpleWebClient.<Post>d__0.MoveNext() in D:\projects\ImageStore\ImageStoreClient\Http\SimpleWebClient.cs:line 87
--- End of stack trace from previous location where exception was thrown ---
   at System.Runtime.CompilerServices.TaskAwaiter.ThrowForNonSuccess(Task task)
   at System.Runtime.CompilerServices.TaskAwaiter.HandleNonSuccessAndDebuggerNotification(Task task)
   at System.Runtime.CompilerServices.TaskAwaiter`1.GetResult()
   at ImageClient.Infrastructure.ApiConsumer.<Login>d__0.MoveNext() in D:\projects\ImageStore\ImageStoreClient\Infrastructure\ApiConsumer.cs:line 25
--- End of stack trace from previous location where exception was thrown ---
   at System.Runtime.CompilerServices.TaskAwaiter.ThrowForNonSuccess(Task task)
   at System.Runtime.CompilerServices.TaskAwaiter.HandleNonSuccessAndDebuggerNotification(Task task)
   at System.Runtime.CompilerServices.TaskAwaiter`1.GetResult()
   at ImageClient.ViewModels.LoginViewModel.<Login>d__26.MoveNext() in D:\projects\ImageStore\ImageStoreClient\ViewModels\LoginViewModel.cs:line 64
2016-06-27 11:15:34,129 [ERROR] [ 9] LoginViewModel - System.Net.WebException: The remote server returned an error: (400) Bad Request.
   at System.Net.HttpWebRequest.EndGetResponse(IAsyncResult asyncResult)
   at System.Threading.Tasks.TaskFactory`1.FromAsyncCoreLogic(IAsyncResult iar, Func`2 endFunction, Action`1 endAction, Task`1 promise, Boolean requiresSynchronization)
--- End of stack trace from previous location where exception was thrown ---
   at System.Runtime.CompilerServices.TaskAwaiter.ThrowForNonSuccess(Task task)
   at System.Runtime.CompilerServices.TaskAwaiter.HandleNonSuccessAndDebuggerNotification(Task task)
   at System.Runtime.CompilerServices.TaskAwaiter`1.GetResult()
   at ImageClient.Http.SimpleWebClient.<Post>d__0.MoveNext() in D:\projects\ImageStore\ImageStoreClient\Http\SimpleWebClient.cs:line 87
--- End of stack trace from previous location where exception was thrown ---
   at System.Runtime.CompilerServices.TaskAwaiter.ThrowForNonSuccess(Task task)
   at System.Runtime.CompilerServices.TaskAwaiter.HandleNonSuccessAndDebuggerNotification(Task task)
   at System.Runtime.CompilerServices.TaskAwaiter`1.GetResult()
   at ImageClient.Infrastructure.ApiConsumer.<Login>d__0.MoveNext() in D:\projects\ImageStore\ImageStoreClient\Infrastructure\ApiConsumer.cs:line 25
--- End of stack trace from previous location where exception was thrown ---
   at System.Runtime.CompilerServices.TaskAwaiter.ThrowForNonSuccess(Task task)
   at System.Runtime.CompilerServices.TaskAwaiter.HandleNonSuccessAndDebuggerNotification(Task task)
   at System.Runtime.CompilerServices.TaskAwaiter`1.GetResult()
   at ImageClient.ViewModels.LoginViewModel.<Login>d__26.MoveNext() in D:\projects\ImageStore\ImageStoreClient\ViewModels\LoginViewModel.cs:line 64
2016-06-27 11:15:36,322 [ERROR] [ 9] LoginViewModel - System.Net.WebException: The remote server returned an error: (400) Bad Request.
   at System.Net.HttpWebRequest.EndGetResponse(IAsyncResult asyncResult)
   at System.Threading.Tasks.TaskFactory`1.FromAsyncCoreLogic(IAsyncResult iar, Func`2 endFunction, Action`1 endAction, Task`1 promise, Boolean requiresSynchronization)
--- End of stack trace from previous location where exception was thrown ---
   at System.Runtime.CompilerServices.TaskAwaiter.ThrowForNonSuccess(Task task)
   at System.Runtime.CompilerServices.TaskAwaiter.HandleNonSuccessAndDebuggerNotification(Task task)
   at System.Runtime.CompilerServices.TaskAwaiter`1.GetResult()
   at ImageClient.Http.SimpleWebClient.<Post>d__0.MoveNext() in D:\projects\ImageStore\ImageStoreClient\Http\SimpleWebClient.cs:line 87
--- End of stack trace from previous location where exception was thrown ---
   at System.Runtime.CompilerServices.TaskAwaiter.ThrowForNonSuccess(Task task)
   at System.Runtime.CompilerServices.TaskAwaiter.HandleNonSuccessAndDebuggerNotification(Task task)
   at System.Runtime.CompilerServices.TaskAwaiter`1.GetResult()
   at ImageClient.Infrastructure.ApiConsumer.<Login>d__0.MoveNext() in D:\projects\ImageStore\ImageStoreClient\Infrastructure\ApiConsumer.cs:line 25
--- End of stack trace from previous location where exception was thrown ---
   at System.Runtime.CompilerServices.TaskAwaiter.ThrowForNonSuccess(Task task)
   at System.Runtime.CompilerServices.TaskAwaiter.HandleNonSuccessAndDebuggerNotification(Task task)
   at System.Runtime.CompilerServices.TaskAwaiter`1.GetResult()
   at ImageClient.ViewModels.LoginViewModel.<Login>d__26.MoveNext() in D:\projects\ImageStore\ImageStoreClient\ViewModels\LoginViewModel.cs:line 64
2016-06-27 11:15:40,197 [ERROR] [ 9] LoginViewModel - System.Net.WebException: The remote server returned an error: (400) Bad Request.
   at System.Net.HttpWebRequest.EndGetResponse(IAsyncResult asyncResult)
   at System.Threading.Tasks.TaskFactory`1.FromAsyncCoreLogic(IAsyncResult iar, Func`2 endFunction, Action`1 endAction, Task`1 promise, Boolean requiresSynchronization)
--- End of stack trace from previous location where exception was thrown ---
   at System.Runtime.CompilerServices.TaskAwaiter.ThrowForNonSuccess(Task task)
   at System.Runtime.CompilerServices.TaskAwaiter.HandleNonSuccessAndDebuggerNotification(Task task)
   at System.Runtime.CompilerServices.TaskAwaiter`1.GetResult()
   at ImageClient.Http.SimpleWebClient.<Post>d__0.MoveNext() in D:\projects\ImageStore\ImageStoreClient\Http\SimpleWebClient.cs:line 87
--- End of stack trace from previous location where exception was thrown ---
   at System.Runtime.CompilerServices.TaskAwaiter.ThrowForNonSuccess(Task task)
   at System.Runtime.CompilerServices.TaskAwaiter.HandleNonSuccessAndDebuggerNotification(Task task)
   at System.Runtime.CompilerServices.TaskAwaiter`1.GetResult()
   at ImageClient.Infrastructure.ApiConsumer.<Login>d__0.MoveNext() in D:\projects\ImageStore\ImageStoreClient\Infrastructure\ApiConsumer.cs:line 25
--- End of stack trace from previous location where exception was thrown ---
   at System.Runtime.CompilerServices.TaskAwaiter.ThrowForNonSuccess(Task task)
   at System.Runtime.CompilerServices.TaskAwaiter.HandleNonSuccessAndDebuggerNotification(Task task)
   at System.Runtime.CompilerServices.TaskAwaiter`1.GetResult()
   at ImageClient.ViewModels.LoginViewModel.<Login>d__26.MoveNext() in D:\projects\ImageStore\ImageStoreClient\ViewModels\LoginViewModel.cs:line 64
2016-06-27 11:16:11,040 [ERROR] [ 9] LoginViewModel - System.Net.WebException: The remote server returned an error: (400) Bad Request.
   at System.Net.HttpWebRequest.EndGetResponse(IAsyncResult asyncResult)
   at System.Threading.Tasks.TaskFactory`1.FromAsyncCoreLogic(IAsyncResult iar, Func`2 endFunction, Action`1 endAction, Task`1 promise, Boolean requiresSynchronization)
--- End of stack trace from previous location where exception was thrown ---
   at System.Runtime.CompilerServices.TaskAwaiter.ThrowForNonSuccess(Task task)
   at System.Runtime.CompilerServices.TaskAwaiter.HandleNonSuccessAndDebuggerNotification(Task task)
   at System.Runtime.CompilerServices.TaskAwaiter`1.GetResult()
   at ImageClient.Http.SimpleWebClient.<Post>d__0.MoveNext() in D:\projects\ImageStore\ImageStoreClient\Http\SimpleWebClient.cs:line 87
--- End of stack trace from previous location where exception was thrown ---
   at System.Runtime.CompilerServices.TaskAwaiter.ThrowForNonSuccess(Task task)
   at System.Runtime.CompilerServices.TaskAwaiter.HandleNonSuccessAndDebuggerNotification(Task task)
   at System.Runtime.CompilerServices.TaskAwaiter`1.GetResult()
   at ImageClient.Infrastructure.ApiConsumer.<Login>d__0.MoveNext() in D:\projects\ImageStore\ImageStoreClient\Infrastructure\ApiConsumer.cs:line 25
--- End of stack trace from previous location where exception was thrown ---
   at System.Runtime.CompilerServices.TaskAwaiter.ThrowForNonSuccess(Task task)
   at System.Runtime.CompilerServices.TaskAwaiter.HandleNonSuccessAndDebuggerNotification(Task task)
   at System.Runtime.CompilerServices.TaskAwaiter`1.GetResult()
   at ImageClient.ViewModels.LoginViewModel.<Login>d__26.MoveNext() in D:\projects\ImageStore\ImageStoreClient\ViewModels\LoginViewModel.cs:line 64
2016-06-27 11:16:28,251 [ERROR] [ 9] LoginViewModel - System.Net.WebException: The remote server returned an error: (400) Bad Request.
   at System.Net.HttpWebRequest.EndGetResponse(IAsyncResult asyncResult)
   at System.Threading.Tasks.TaskFactory`1.FromAsyncCoreLogic(IAsyncResult iar, Func`2 endFunction, Action`1 endAction, Task`1 promise, Boolean requiresSynchronization)
--- End of stack trace from previous location where exception was thrown ---
   at System.Runtime.CompilerServices.TaskAwaiter.ThrowForNonSuccess(Task task)
   at System.Runtime.CompilerServices.TaskAwaiter.HandleNonSuccessAndDebuggerNotification(Task task)
   at System.Runtime.CompilerServices.TaskAwaiter`1.GetResult()
   at ImageClient.Http.SimpleWebClient.<Post>d__0.MoveNext() in D:\projects\ImageStore\ImageStoreClient\Http\SimpleWebClient.cs:line 87
--- End of stack trace from previous location where exception was thrown ---
   at System.Runtime.CompilerServices.TaskAwaiter.ThrowForNonSuccess(Task task)
   at System.Runtime.CompilerServices.TaskAwaiter.HandleNonSuccessAndDebuggerNotification(Task task)
   at System.Runtime.CompilerServices.TaskAwaiter`1.GetResult()
   at ImageClient.Infrastructure.ApiConsumer.<Login>d__0.MoveNext() in D:\projects\ImageStore\ImageStoreClient\Infrastructure\ApiConsumer.cs:line 25
--- End of stack trace from previous location where exception was thrown ---
   at System.Runtime.CompilerServices.TaskAwaiter.ThrowForNonSuccess(Task task)
   at System.Runtime.CompilerServices.TaskAwaiter.HandleNonSuccessAndDebuggerNotification(Task task)
   at System.Runtime.CompilerServices.TaskAwaiter`1.GetResult()
   at ImageClient.ViewModels.LoginViewModel.<Login>d__26.MoveNext() in D:\projects\ImageStore\ImageStoreClient\ViewModels\LoginViewModel.cs:line 64
2016-06-27 11:16:47,896 [ERROR] [ 9] LoginViewModel - System.Net.WebException: The remote server returned an error: (400) Bad Request.
   at System.Net.HttpWebRequest.EndGetResponse(IAsyncResult asyncResult)
   at System.Threading.Tasks.TaskFactory`1.FromAsyncCoreLogic(IAsyncResult iar, Func`2 endFunction, Action`1 endAction, Task`1 promise, Boolean requiresSynchronization)
--- End of stack trace from previous location where exception was thrown ---
   at System.Runtime.CompilerServices.TaskAwaiter.ThrowForNonSuccess(Task task)
   at System.Runtime.CompilerServices.TaskAwaiter.HandleNonSuccessAndDebuggerNotification(Task task)
   at System.Runtime.CompilerServices.TaskAwaiter`1.GetResult()
   at ImageClient.Http.SimpleWebClient.<Post>d__0.MoveNext() in D:\projects\ImageStore\ImageStoreClient\Http\SimpleWebClient.cs:line 87
--- End of stack trace from previous location where exception was thrown ---
   at System.Runtime.CompilerServices.TaskAwaiter.ThrowForNonSuccess(Task task)
   at System.Runtime.CompilerServices.TaskAwaiter.HandleNonSuccessAndDebuggerNotification(Task task)
   at System.Runtime.CompilerServices.TaskAwaiter`1.GetResult()
   at ImageClient.Infrastructure.ApiConsumer.<Login>d__0.MoveNext() in D:\projects\ImageStore\ImageStoreClient\Infrastructure\ApiConsumer.cs:line 25
--- End of stack trace from previous location where exception was thrown ---
   at System.Runtime.CompilerServices.TaskAwaiter.ThrowForNonSuccess(Task task)
   at System.Runtime.CompilerServices.TaskAwaiter.HandleNonSuccessAndDebuggerNotification(Task task)
   at System.Runtime.CompilerServices.TaskAwaiter`1.GetResult()
   at ImageClient.ViewModels.LoginViewModel.<Login>d__26.MoveNext() in D:\projects\ImageStore\ImageStoreClient\ViewModels\LoginViewModel.cs:line 64
